::1 - - [06/Oct/2024:15:10:41 +0000] "POST /v1/api/auth/login HTTP/1.1" 200 - "-" "PostmanRuntime/7.42.0"
::1 - - [06/Oct/2024:15:11:48 +0000] "GET /v1/api/transactions/670280e5a230bc6a748e166a?period=custom&startDate=2024-09-28T07:46:48.575Z HTTP/1.1" 400 76 "-" "PostmanRuntime/7.42.0"
::1 - - [06/Oct/2024:15:11:58 +0000] "POST /v1/api/wallets HTTP/1.1" 201 210 "-" "PostmanRuntime/7.42.0"
::1 - - [06/Oct/2024:15:12:04 +0000] "GET /v1/api/transactions/6702a8bec35f197fd639569b?period=custom&startDate=2024-09-28T07:46:48.575Z HTTP/1.1" 200 66 "-" "PostmanRuntime/7.42.0"
::1 - - [06/Oct/2024:15:12:51 +0000] "GET /v1/api/transactions/6702a8bec35f197fd639569b?period=custom&startDate=2024-09-28T07:46:48.575Z&endDate= HTTP/1.1" 200 66 "-" "PostmanRuntime/7.42.0"
::1 - - [06/Oct/2024:15:13:26 +0000] "GET /v1/api/transactions/6702a8bec35f197fd639569b?period=custom&startDate=2024-09-28T07:46:48.575Z&endDate=undefined HTTP/1.1" 200 66 "-" "PostmanRuntime/7.42.0"
::1 - - [07/Oct/2024:07:02:17 +0000] "POST /v1/api/auth/login HTTP/1.1" 200 - "-" "PostmanRuntime/7.42.0"
::1 - - [07/Oct/2024:07:02:36 +0000] "GET /v1/api/transactions/66f4ac4241b4d0474aa12442?period=custom&startDate=2024-09-28T07:46:48.575Z&endDate=undefined HTTP/1.1" 500 44 "-" "PostmanRuntime/7.42.0"
::1 - - [07/Oct/2024:07:02:47 +0000] "GET /v1/api/transactions/66f4ac4241b4d0474aa12442?period=month HTTP/1.1" 200 - "-" "PostmanRuntime/7.42.0"
::1 - - [07/Oct/2024:07:04:02 +0000] "GET /v1/api/transactions/66f4ac4241b4d0474aa12442?period=month&search=test HTTP/1.1" 200 - "-" "PostmanRuntime/7.42.0"
::1 - - [07/Oct/2024:07:12:37 +0000] "GET /v1/api/transactions/66f4ac4241b4d0474aa12442?period=month&search=test HTTP/1.1" 200 - "-" "PostmanRuntime/7.42.0"
::1 - - [07/Oct/2024:07:12:47 +0000] "GET /v1/api/transactions/66f4ac4241b4d0474aa12442?period=month&search=test2 HTTP/1.1" 200 66 "-" "PostmanRuntime/7.42.0"
::1 - - [07/Oct/2024:07:12:53 +0000] "GET /v1/api/transactions/66f4ac4241b4d0474aa12442?period=month&search=tes HTTP/1.1" 200 - "-" "PostmanRuntime/7.42.0"
::1 - - [07/Oct/2024:07:14:51 +0000] "GET /v1/api/transactions/66f4ac4241b4d0474aa12442?period=month&search=tes HTTP/1.1" 200 - "-" "PostmanRuntime/7.42.0"
::1 - - [07/Oct/2024:07:15:10 +0000] "GET /v1/api/transactions/66f4ac4241b4d0474aa12442?period=month&search=tes HTTP/1.1" 200 - "-" "PostmanRuntime/7.42.0"
::1 - - [07/Oct/2024:07:15:18 +0000] "GET /v1/api/transactions/66f4ac4241b4d0474aa12442?period=month&search=Groceries HTTP/1.1" 200 66 "-" "PostmanRuntime/7.42.0"
::1 - - [07/Oct/2024:07:15:22 +0000] "GET /v1/api/transactions/66f4ac4241b4d0474aa12442?period=month&search=Groceries HTTP/1.1" 200 66 "-" "PostmanRuntime/7.42.0"
::1 - - [07/Oct/2024:07:15:53 +0000] "GET /v1/api/transactions/66f4ac4241b4d0474aa12442?period=month&search=Groceries HTTP/1.1" 200 66 "-" "PostmanRuntime/7.42.0"
::1 - - [07/Oct/2024:07:15:56 +0000] "GET /v1/api/transactions/66f4ac4241b4d0474aa12442?period=month&search=Groceries HTTP/1.1" 200 66 "-" "PostmanRuntime/7.42.0"
::1 - - [07/Oct/2024:07:17:30 +0000] "GET /v1/api/transactions/66f4ac4241b4d0474aa12442?period=month&search=test HTTP/1.1" 500 44 "-" "PostmanRuntime/7.42.0"
::1 - - [07/Oct/2024:07:18:11 +0000] "GET /v1/api/transactions/66f4ac4241b4d0474aa12442?period=month&search=test HTTP/1.1" 500 44 "-" "PostmanRuntime/7.42.0"
::1 - - [07/Oct/2024:07:18:33 +0000] "GET /v1/api/transactions/66f4ac4241b4d0474aa12442?period=month&search=test HTTP/1.1" 200 - "-" "PostmanRuntime/7.42.0"
::1 - - [07/Oct/2024:07:18:42 +0000] "GET /v1/api/transactions/66f4ac4241b4d0474aa12442?period=month&search=60000 HTTP/1.1" 200 66 "-" "PostmanRuntime/7.42.0"
::1 - - [07/Oct/2024:07:21:15 +0000] "GET /v1/api/transactions/66f4ac4241b4d0474aa12442?period=month&search=60000 HTTP/1.1" 200 66 "-" "PostmanRuntime/7.42.0"
::1 - - [07/Oct/2024:07:21:17 +0000] "GET /v1/api/transactions/66f4ac4241b4d0474aa12442?period=month&search=60000 HTTP/1.1" 200 66 "-" "PostmanRuntime/7.42.0"
::1 - - [07/Oct/2024:07:21:20 +0000] "GET /v1/api/transactions/66f4ac4241b4d0474aa12442?period=month&search=6000 HTTP/1.1" 200 66 "-" "PostmanRuntime/7.42.0"
::1 - - [07/Oct/2024:07:24:26 +0000] "GET /v1/api/transactions/66f4ac4241b4d0474aa12442?period=month&search=6000 HTTP/1.1" 200 66 "-" "PostmanRuntime/7.42.0"
::1 - - [07/Oct/2024:07:24:32 +0000] "GET /v1/api/transactions/66f4ac4241b4d0474aa12442?period=month&search=5 HTTP/1.1" 200 66 "-" "PostmanRuntime/7.42.0"
::1 - - [07/Oct/2024:07:25:06 +0000] "GET /v1/api/transactions/66f4ac4241b4d0474aa12442?period=month&search=5 HTTP/1.1" 200 - "-" "PostmanRuntime/7.42.0"
::1 - - [07/Oct/2024:07:25:15 +0000] "GET /v1/api/transactions/66f4ac4241b4d0474aa12442?period=month&search=500000 HTTP/1.1" 200 526 "-" "PostmanRuntime/7.42.0"
::1 - - [07/Oct/2024:07:25:27 +0000] "GET /v1/api/transactions/66f4ac4241b4d0474aa12442?period=month&search=5000000 HTTP/1.1" 200 526 "-" "PostmanRuntime/7.42.0"
::1 - - [07/Oct/2024:07:25:33 +0000] "GET /v1/api/transactions/66f4ac4241b4d0474aa12442?period=month&search=15000000 HTTP/1.1" 200 298 "-" "PostmanRuntime/7.42.0"
::1 - - [07/Oct/2024:07:25:38 +0000] "GET /v1/api/transactions/66f4ac4241b4d0474aa12442?period=month&search=test HTTP/1.1" 500 44 "-" "PostmanRuntime/7.42.0"
::1 - - [07/Oct/2024:07:26:59 +0000] "GET /v1/api/transactions/66f4ac4241b4d0474aa12442?period=month&search=test HTTP/1.1" 200 - "-" "PostmanRuntime/7.42.0"
